<?xml version="1.0" encoding="UTF-8"?>
<!-- Generated by org.testng.reporters.JUnitReportReporter -->
<testsuite skipped="0" hostname="LAPTOP-65SLMAD1" name="com.testng.demo.TC2" tests="2" failures="0" timestamp="2020-07-26T15:06:44 CST" time="0.006" errors="0">
  <testcase name="clas03" time="0.003" classname="com.testng.demo.TC2"/>
  <system-out/>
  <testcase name="clas04" time="0.003" classname="com.testng.demo.TC2"/>
  <system-out/>
</testsuite> <!-- com.testng.demo.TC2 -->
