<?xml version="1.0" encoding="UTF-8"?>
<!-- Generated by org.testng.reporters.JUnitReportReporter -->
<testsuite skipped="0" hostname="LAPTOP-65SLMAD1" name="com.testng.demo.demo.NewTest" tests="2" failures="0" timestamp="2020-07-26T15:06:44 CST" time="0.005" errors="0">
  <testcase name="f1" time="0.003" classname="com.testng.demo.demo.NewTest"/>
  <system-out/>
  <testcase name="f1" time="0.002" classname="com.testng.demo.demo.NewTest"/>
  <system-out/>
</testsuite> <!-- com.testng.demo.demo.NewTest -->
