<?xml version="1.0" encoding="UTF-8"?>
<!-- Generated by org.testng.reporters.JUnitReportReporter -->
<testsuite skipped="0" hostname="LAPTOP-65SLMAD1" name="com.testng.demo.TC6" tests="2" failures="0" timestamp="2020-07-26T15:06:44 CST" time="0.004" errors="0">
  <testcase name="clas01" time="0.002" classname="com.testng.demo.TC6"/>
  <system-out/>
  <testcase name="clas02" time="0.002" classname="com.testng.demo.TC6"/>
  <system-out/>
</testsuite> <!-- com.testng.demo.TC6 -->
